{"C:\\Users\\PANDA\\Desktop\\projects\\onesport-shop\\app\\database\\database.js": {"path":"C:\\Users\\PANDA\\Desktop\\projects\\onesport-shop\\app\\database\\database.js","statementMap":{"0":{"start":{"line":1,"column":18},"end":{"line":1,"column":38}},"1":{"start":{"line":4,"column":16},"end":{"line":4,"column":20}},"2":{"start":{"line":6,"column":0},"end":{"line":14,"column":1}},"3":{"start":{"line":7,"column":4},"end":{"line":7,"column":48}},"4":{"start":{"line":9,"column":4},"end":{"line":13,"column":7}},"5":{"start":{"line":17,"column":16},"end":{"line":29,"column":1}},"6":{"start":{"line":32,"column":0},"end":{"line":37,"column":1}},"7":{"start":{"line":33,"column":17},"end":{"line":33,"column":38}},"8":{"start":{"line":34,"column":4},"end":{"line":36,"column":5}},"9":{"start":{"line":35,"column":8},"end":{"line":35,"column":35}},"10":{"start":{"line":39,"column":0},"end":{"line":42,"column":2}}},"fnMap":{},"branchMap":{"0":{"loc":{"start":{"line":6,"column":0},"end":{"line":14,"column":1}},"type":"if","locations":[{"start":{"line":6,"column":0},"end":{"line":14,"column":1}},{"start":{"line":8,"column":7},"end":{"line":14,"column":1}}],"line":6},"1":{"loc":{"start":{"line":6,"column":4},"end":{"line":6,"column":50}},"type":"binary-expr","locations":[{"start":{"line":6,"column":4},"end":{"line":6,"column":15}},{"start":{"line":6,"column":19},"end":{"line":6,"column":50}}],"line":6},"2":{"loc":{"start":{"line":34,"column":4},"end":{"line":36,"column":5}},"type":"if","locations":[{"start":{"line":34,"column":4},"end":{"line":36,"column":5}},{"start":{},"end":{}}],"line":34}},"s":{"0":1,"1":1,"2":1,"3":1,"4":0,"5":1,"6":1,"7":11,"8":11,"9":7,"10":1},"f":{},"b":{"0":[1,0],"1":[1,1],"2":[7,4]},"_coverageSchema":"1a1c01bbd47fc00a2c39e90264f33305004495a9","hash":"65c873a010624226ffd46bb2341da34ba87247d7"}
,"C:\\Users\\PANDA\\Desktop\\projects\\onesport-shop\\app\\database\\models\\Categoria.model.js": {"path":"C:\\Users\\PANDA\\Desktop\\projects\\onesport-shop\\app\\database\\models\\Categoria.model.js","statementMap":{"0":{"start":{"line":1,"column":29},"end":{"line":1,"column":49}},"1":{"start":{"line":3,"column":0},"end":{"line":21,"column":2}},"2":{"start":{"line":5,"column":8},"end":{"line":18,"column":10}}},"fnMap":{"0":{"name":"(anonymous_0)","decl":{"start":{"line":4,"column":4},"end":{"line":4,"column":5}},"loc":{"start":{"line":4,"column":27},"end":{"line":19,"column":5}},"line":4}},"branchMap":{},"s":{"0":1,"1":1,"2":1},"f":{"0":1},"b":{},"_coverageSchema":"1a1c01bbd47fc00a2c39e90264f33305004495a9","hash":"b33f62878806850e9f794a28af104c29eb50298f"}
,"C:\\Users\\PANDA\\Desktop\\projects\\onesport-shop\\app\\database\\models\\CategoriaProducto.model.js": {"path":"C:\\Users\\PANDA\\Desktop\\projects\\onesport-shop\\app\\database\\models\\CategoriaProducto.model.js","statementMap":{"0":{"start":{"line":1,"column":29},"end":{"line":1,"column":49}},"1":{"start":{"line":3,"column":0},"end":{"line":24,"column":2}},"2":{"start":{"line":5,"column":8},"end":{"line":14,"column":10}},"3":{"start":{"line":17,"column":8},"end":{"line":17,"column":87}},"4":{"start":{"line":18,"column":8},"end":{"line":18,"column":89}},"5":{"start":{"line":20,"column":8},"end":{"line":20,"column":89}},"6":{"start":{"line":21,"column":8},"end":{"line":21,"column":91}}},"fnMap":{"0":{"name":"(anonymous_0)","decl":{"start":{"line":4,"column":4},"end":{"line":4,"column":5}},"loc":{"start":{"line":4,"column":27},"end":{"line":15,"column":5}},"line":4},"1":{"name":"(anonymous_1)","decl":{"start":{"line":16,"column":4},"end":{"line":16,"column":5}},"loc":{"start":{"line":16,"column":31},"end":{"line":23,"column":5}},"line":16}},"branchMap":{},"s":{"0":1,"1":1,"2":1,"3":1,"4":1,"5":1,"6":1},"f":{"0":1,"1":1},"b":{},"_coverageSchema":"1a1c01bbd47fc00a2c39e90264f33305004495a9","hash":"b4340737e38967d048c3cf68b4f27690914a63b8"}
,"C:\\Users\\PANDA\\Desktop\\projects\\onesport-shop\\app\\database\\models\\Ciudad.model.js": {"path":"C:\\Users\\PANDA\\Desktop\\projects\\onesport-shop\\app\\database\\models\\Ciudad.model.js","statementMap":{"0":{"start":{"line":1,"column":29},"end":{"line":1,"column":49}},"1":{"start":{"line":3,"column":0},"end":{"line":23,"column":2}},"2":{"start":{"line":5,"column":8},"end":{"line":17,"column":10}},"3":{"start":{"line":20,"column":8},"end":{"line":20,"column":72}},"4":{"start":{"line":21,"column":8},"end":{"line":21,"column":74}}},"fnMap":{"0":{"name":"(anonymous_0)","decl":{"start":{"line":4,"column":4},"end":{"line":4,"column":5}},"loc":{"start":{"line":4,"column":27},"end":{"line":18,"column":5}},"line":4},"1":{"name":"(anonymous_1)","decl":{"start":{"line":19,"column":4},"end":{"line":19,"column":5}},"loc":{"start":{"line":19,"column":31},"end":{"line":22,"column":5}},"line":19}},"branchMap":{},"s":{"0":1,"1":1,"2":1,"3":1,"4":1},"f":{"0":1,"1":1},"b":{},"_coverageSchema":"1a1c01bbd47fc00a2c39e90264f33305004495a9","hash":"0fa34a504be9ac9817624a6dc63544a694aeb930"}
,"C:\\Users\\PANDA\\Desktop\\projects\\onesport-shop\\app\\database\\models\\Compra.model.js": {"path":"C:\\Users\\PANDA\\Desktop\\projects\\onesport-shop\\app\\database\\models\\Compra.model.js","statementMap":{"0":{"start":{"line":1,"column":29},"end":{"line":1,"column":49}},"1":{"start":{"line":3,"column":0},"end":{"line":32,"column":2}},"2":{"start":{"line":5,"column":8},"end":{"line":25,"column":10}},"3":{"start":{"line":28,"column":8},"end":{"line":28,"column":78}},"4":{"start":{"line":29,"column":8},"end":{"line":29,"column":80}}},"fnMap":{"0":{"name":"(anonymous_0)","decl":{"start":{"line":4,"column":4},"end":{"line":4,"column":5}},"loc":{"start":{"line":4,"column":27},"end":{"line":26,"column":5}},"line":4},"1":{"name":"(anonymous_1)","decl":{"start":{"line":27,"column":4},"end":{"line":27,"column":5}},"loc":{"start":{"line":27,"column":31},"end":{"line":31,"column":5}},"line":27}},"branchMap":{},"s":{"0":1,"1":1,"2":1,"3":1,"4":1},"f":{"0":1,"1":1},"b":{},"_coverageSchema":"1a1c01bbd47fc00a2c39e90264f33305004495a9","hash":"d95a6283fabb338a4bab3d5709150733b650deaf"}
,"C:\\Users\\PANDA\\Desktop\\projects\\onesport-shop\\app\\database\\models\\Imagen.model.js": {"path":"C:\\Users\\PANDA\\Desktop\\projects\\onesport-shop\\app\\database\\models\\Imagen.model.js","statementMap":{"0":{"start":{"line":1,"column":29},"end":{"line":1,"column":49}},"1":{"start":{"line":3,"column":0},"end":{"line":24,"column":2}},"2":{"start":{"line":5,"column":8},"end":{"line":18,"column":10}},"3":{"start":{"line":21,"column":8},"end":{"line":21,"column":76}},"4":{"start":{"line":22,"column":8},"end":{"line":22,"column":78}}},"fnMap":{"0":{"name":"(anonymous_0)","decl":{"start":{"line":4,"column":4},"end":{"line":4,"column":5}},"loc":{"start":{"line":4,"column":27},"end":{"line":19,"column":5}},"line":4},"1":{"name":"(anonymous_1)","decl":{"start":{"line":20,"column":4},"end":{"line":20,"column":5}},"loc":{"start":{"line":20,"column":31},"end":{"line":23,"column":5}},"line":20}},"branchMap":{},"s":{"0":1,"1":1,"2":1,"3":1,"4":1},"f":{"0":1,"1":1},"b":{},"_coverageSchema":"1a1c01bbd47fc00a2c39e90264f33305004495a9","hash":"3ad04101d35e1e9263bd14f4f080d55699a86aae"}
,"C:\\Users\\PANDA\\Desktop\\projects\\onesport-shop\\app\\database\\models\\Pais.model.js": {"path":"C:\\Users\\PANDA\\Desktop\\projects\\onesport-shop\\app\\database\\models\\Pais.model.js","statementMap":{"0":{"start":{"line":1,"column":29},"end":{"line":1,"column":49}},"1":{"start":{"line":3,"column":0},"end":{"line":19,"column":2}},"2":{"start":{"line":5,"column":8},"end":{"line":17,"column":10}}},"fnMap":{"0":{"name":"(anonymous_0)","decl":{"start":{"line":4,"column":4},"end":{"line":4,"column":5}},"loc":{"start":{"line":4,"column":27},"end":{"line":18,"column":5}},"line":4}},"branchMap":{},"s":{"0":1,"1":1,"2":1},"f":{"0":1},"b":{},"_coverageSchema":"1a1c01bbd47fc00a2c39e90264f33305004495a9","hash":"e58b49fb8e11d99bd4b63345ea8b49cb9f490125"}
,"C:\\Users\\PANDA\\Desktop\\projects\\onesport-shop\\app\\database\\models\\Pregunta.model.js": {"path":"C:\\Users\\PANDA\\Desktop\\projects\\onesport-shop\\app\\database\\models\\Pregunta.model.js","statementMap":{"0":{"start":{"line":1,"column":29},"end":{"line":1,"column":49}},"1":{"start":{"line":3,"column":0},"end":{"line":28,"column":2}},"2":{"start":{"line":5,"column":8},"end":{"line":25,"column":10}}},"fnMap":{"0":{"name":"(anonymous_0)","decl":{"start":{"line":4,"column":4},"end":{"line":4,"column":5}},"loc":{"start":{"line":4,"column":27},"end":{"line":26,"column":5}},"line":4}},"branchMap":{},"s":{"0":1,"1":1,"2":1},"f":{"0":1},"b":{},"_coverageSchema":"1a1c01bbd47fc00a2c39e90264f33305004495a9","hash":"fde2cf14e7552860d6af46cddad6e878a2410aee"}
,"C:\\Users\\PANDA\\Desktop\\projects\\onesport-shop\\app\\database\\models\\Producto.model.js": {"path":"C:\\Users\\PANDA\\Desktop\\projects\\onesport-shop\\app\\database\\models\\Producto.model.js","statementMap":{"0":{"start":{"line":1,"column":29},"end":{"line":1,"column":49}},"1":{"start":{"line":3,"column":0},"end":{"line":40,"column":2}},"2":{"start":{"line":5,"column":8},"end":{"line":37,"column":10}}},"fnMap":{"0":{"name":"(anonymous_0)","decl":{"start":{"line":4,"column":4},"end":{"line":4,"column":5}},"loc":{"start":{"line":4,"column":27},"end":{"line":38,"column":5}},"line":4}},"branchMap":{},"s":{"0":1,"1":1,"2":1},"f":{"0":1},"b":{},"_coverageSchema":"1a1c01bbd47fc00a2c39e90264f33305004495a9","hash":"6a2bcf00c9da4ac97ade50ced50cfbe8728020b6"}
,"C:\\Users\\PANDA\\Desktop\\projects\\onesport-shop\\app\\database\\models\\ProductoCompra.model.js": {"path":"C:\\Users\\PANDA\\Desktop\\projects\\onesport-shop\\app\\database\\models\\ProductoCompra.model.js","statementMap":{"0":{"start":{"line":1,"column":29},"end":{"line":1,"column":49}},"1":{"start":{"line":3,"column":0},"end":{"line":33,"column":2}},"2":{"start":{"line":5,"column":8},"end":{"line":24,"column":10}},"3":{"start":{"line":27,"column":8},"end":{"line":27,"column":88}},"4":{"start":{"line":28,"column":8},"end":{"line":28,"column":86}},"5":{"start":{"line":30,"column":8},"end":{"line":30,"column":80}},"6":{"start":{"line":31,"column":8},"end":{"line":31,"column":82}}},"fnMap":{"0":{"name":"(anonymous_0)","decl":{"start":{"line":4,"column":4},"end":{"line":4,"column":5}},"loc":{"start":{"line":4,"column":27},"end":{"line":25,"column":5}},"line":4},"1":{"name":"(anonymous_1)","decl":{"start":{"line":26,"column":4},"end":{"line":26,"column":5}},"loc":{"start":{"line":26,"column":31},"end":{"line":32,"column":5}},"line":26}},"branchMap":{},"s":{"0":1,"1":1,"2":1,"3":1,"4":1,"5":1,"6":1},"f":{"0":1,"1":1},"b":{},"_coverageSchema":"1a1c01bbd47fc00a2c39e90264f33305004495a9","hash":"734a8fd830037db28f91414d9ece9daee7a0bea6"}
,"C:\\Users\\PANDA\\Desktop\\projects\\onesport-shop\\app\\database\\models\\Telefono.model.js": {"path":"C:\\Users\\PANDA\\Desktop\\projects\\onesport-shop\\app\\database\\models\\Telefono.model.js","statementMap":{"0":{"start":{"line":1,"column":29},"end":{"line":1,"column":49}},"1":{"start":{"line":3,"column":0},"end":{"line":24,"column":2}},"2":{"start":{"line":5,"column":8},"end":{"line":18,"column":10}},"3":{"start":{"line":21,"column":8},"end":{"line":21,"column":76}},"4":{"start":{"line":22,"column":8},"end":{"line":22,"column":78}}},"fnMap":{"0":{"name":"(anonymous_0)","decl":{"start":{"line":4,"column":4},"end":{"line":4,"column":5}},"loc":{"start":{"line":4,"column":27},"end":{"line":19,"column":5}},"line":4},"1":{"name":"(anonymous_1)","decl":{"start":{"line":20,"column":4},"end":{"line":20,"column":5}},"loc":{"start":{"line":20,"column":31},"end":{"line":23,"column":5}},"line":20}},"branchMap":{},"s":{"0":1,"1":1,"2":1,"3":1,"4":1},"f":{"0":1,"1":1},"b":{},"_coverageSchema":"1a1c01bbd47fc00a2c39e90264f33305004495a9","hash":"0655989bb0711e3aebd749c7e74554a7d3cd0f25"}
,"C:\\Users\\PANDA\\Desktop\\projects\\onesport-shop\\app\\database\\models\\Usuario.model.js": {"path":"C:\\Users\\PANDA\\Desktop\\projects\\onesport-shop\\app\\database\\models\\Usuario.model.js","statementMap":{"0":{"start":{"line":1,"column":29},"end":{"line":1,"column":49}},"1":{"start":{"line":3,"column":0},"end":{"line":43,"column":2}},"2":{"start":{"line":5,"column":8},"end":{"line":37,"column":10}},"3":{"start":{"line":40,"column":8},"end":{"line":40,"column":77}},"4":{"start":{"line":41,"column":8},"end":{"line":41,"column":79}}},"fnMap":{"0":{"name":"(anonymous_0)","decl":{"start":{"line":4,"column":4},"end":{"line":4,"column":5}},"loc":{"start":{"line":4,"column":27},"end":{"line":38,"column":5}},"line":4},"1":{"name":"(anonymous_1)","decl":{"start":{"line":39,"column":4},"end":{"line":39,"column":5}},"loc":{"start":{"line":39,"column":31},"end":{"line":42,"column":5}},"line":39}},"branchMap":{},"s":{"0":1,"1":1,"2":1,"3":1,"4":1},"f":{"0":1,"1":1},"b":{},"_coverageSchema":"1a1c01bbd47fc00a2c39e90264f33305004495a9","hash":"09fc9f128c37025988c97a33a8fc4c82e0412fd4"}
,"C:\\Users\\PANDA\\Desktop\\projects\\onesport-shop\\app\\database\\services\\Usuario.service.js": {"path":"C:\\Users\\PANDA\\Desktop\\projects\\onesport-shop\\app\\database\\services\\Usuario.service.js","statementMap":{"0":{"start":{"line":1,"column":18},"end":{"line":1,"column":38}},"1":{"start":{"line":2,"column":20},"end":{"line":2,"column":42}},"2":{"start":{"line":3,"column":15},"end":{"line":3,"column":32}},"3":{"start":{"line":5,"column":0},"end":{"line":55,"column":2}},"4":{"start":{"line":7,"column":8},"end":{"line":9,"column":9}},"5":{"start":{"line":8,"column":12},"end":{"line":8,"column":90}},"6":{"start":{"line":10,"column":8},"end":{"line":12,"column":9}},"7":{"start":{"line":11,"column":12},"end":{"line":11,"column":85}},"8":{"start":{"line":13,"column":8},"end":{"line":15,"column":9}},"9":{"start":{"line":14,"column":12},"end":{"line":14,"column":79}},"10":{"start":{"line":16,"column":24},"end":{"line":16,"column":82}},"11":{"start":{"line":17,"column":8},"end":{"line":19,"column":9}},"12":{"start":{"line":18,"column":12},"end":{"line":18,"column":95}},"13":{"start":{"line":20,"column":8},"end":{"line":20,"column":59}},"14":{"start":{"line":24,"column":8},"end":{"line":26,"column":9}},"15":{"start":{"line":25,"column":12},"end":{"line":25,"column":79}},"16":{"start":{"line":27,"column":8},"end":{"line":29,"column":9}},"17":{"start":{"line":28,"column":12},"end":{"line":28,"column":90}},"18":{"start":{"line":30,"column":8},"end":{"line":32,"column":9}},"19":{"start":{"line":31,"column":12},"end":{"line":31,"column":85}},"20":{"start":{"line":33,"column":8},"end":{"line":35,"column":9}},"21":{"start":{"line":34,"column":12},"end":{"line":34,"column":79}},"22":{"start":{"line":38,"column":33},"end":{"line":38,"column":82}},"23":{"start":{"line":39,"column":8},"end":{"line":41,"column":9}},"24":{"start":{"line":40,"column":12},"end":{"line":40,"column":70}},"25":{"start":{"line":44,"column":29},"end":{"line":44,"column":60}},"26":{"start":{"line":45,"column":8},"end":{"line":51,"column":11}},"27":{"start":{"line":53,"column":8},"end":{"line":53,"column":33}}},"fnMap":{"0":{"name":"(anonymous_0)","decl":{"start":{"line":6,"column":4},"end":{"line":6,"column":5}},"loc":{"start":{"line":6,"column":45},"end":{"line":21,"column":5}},"line":6},"1":{"name":"(anonymous_1)","decl":{"start":{"line":22,"column":4},"end":{"line":22,"column":5}},"loc":{"start":{"line":22,"column":56},"end":{"line":54,"column":5}},"line":22}},"branchMap":{"0":{"loc":{"start":{"line":7,"column":8},"end":{"line":9,"column":9}},"type":"if","locations":[{"start":{"line":7,"column":8},"end":{"line":9,"column":9}},{"start":{},"end":{}}],"line":7},"1":{"loc":{"start":{"line":10,"column":8},"end":{"line":12,"column":9}},"type":"if","locations":[{"start":{"line":10,"column":8},"end":{"line":12,"column":9}},{"start":{},"end":{}}],"line":10},"2":{"loc":{"start":{"line":13,"column":8},"end":{"line":15,"column":9}},"type":"if","locations":[{"start":{"line":13,"column":8},"end":{"line":15,"column":9}},{"start":{},"end":{}}],"line":13},"3":{"loc":{"start":{"line":17,"column":8},"end":{"line":19,"column":9}},"type":"if","locations":[{"start":{"line":17,"column":8},"end":{"line":19,"column":9}},{"start":{},"end":{}}],"line":17},"4":{"loc":{"start":{"line":17,"column":12},"end":{"line":17,"column":53}},"type":"binary-expr","locations":[{"start":{"line":17,"column":12},"end":{"line":17,"column":28}},{"start":{"line":17,"column":32},"end":{"line":17,"column":53}}],"line":17},"5":{"loc":{"start":{"line":24,"column":8},"end":{"line":26,"column":9}},"type":"if","locations":[{"start":{"line":24,"column":8},"end":{"line":26,"column":9}},{"start":{},"end":{}}],"line":24},"6":{"loc":{"start":{"line":27,"column":8},"end":{"line":29,"column":9}},"type":"if","locations":[{"start":{"line":27,"column":8},"end":{"line":29,"column":9}},{"start":{},"end":{}}],"line":27},"7":{"loc":{"start":{"line":30,"column":8},"end":{"line":32,"column":9}},"type":"if","locations":[{"start":{"line":30,"column":8},"end":{"line":32,"column":9}},{"start":{},"end":{}}],"line":30},"8":{"loc":{"start":{"line":33,"column":8},"end":{"line":35,"column":9}},"type":"if","locations":[{"start":{"line":33,"column":8},"end":{"line":35,"column":9}},{"start":{},"end":{}}],"line":33},"9":{"loc":{"start":{"line":39,"column":8},"end":{"line":41,"column":9}},"type":"if","locations":[{"start":{"line":39,"column":8},"end":{"line":41,"column":9}},{"start":{},"end":{}}],"line":39}},"s":{"0":1,"1":1,"2":1,"3":1,"4":1,"5":0,"6":1,"7":0,"8":1,"9":0,"10":1,"11":1,"12":0,"13":1,"14":5,"15":0,"16":5,"17":0,"18":5,"19":0,"20":5,"21":1,"22":4,"23":4,"24":1,"25":3,"26":3,"27":3},"f":{"0":1,"1":5},"b":{"0":[0,1],"1":[0,1],"2":[0,1],"3":[0,1],"4":[1,1],"5":[0,5],"6":[0,5],"7":[0,5],"8":[1,4],"9":[1,3]},"_coverageSchema":"1a1c01bbd47fc00a2c39e90264f33305004495a9","hash":"3f7ae33ed5a066ad5eda4a4a4c45ec62cf7d19a6"}
}
