TN:
SF:app\database\database.js
FNF:0
FNH:0
DA:1,1
DA:4,1
DA:6,1
DA:7,1
DA:9,0
DA:17,1
DA:32,1
DA:33,11
DA:34,11
DA:35,7
DA:39,1
LF:11
LH:10
BRDA:6,0,0,1
BRDA:6,0,1,0
BRDA:6,1,0,1
BRDA:6,1,1,1
BRDA:34,2,0,7
BRDA:34,2,1,4
BRF:6
BRH:5
end_of_record
TN:
SF:app\database\models\Categoria.model.js
FN:4,(anonymous_0)
FNF:1
FNH:1
FNDA:1,(anonymous_0)
DA:1,1
DA:3,1
DA:5,1
LF:3
LH:3
BRF:0
BRH:0
end_of_record
TN:
SF:app\database\models\CategoriaProducto.model.js
FN:4,(anonymous_0)
FN:16,(anonymous_1)
FNF:2
FNH:2
FNDA:1,(anonymous_0)
FNDA:1,(anonymous_1)
DA:1,1
DA:3,1
DA:5,1
DA:17,1
DA:18,1
DA:20,1
DA:21,1
LF:7
LH:7
BRF:0
BRH:0
end_of_record
TN:
SF:app\database\models\Ciudad.model.js
FN:4,(anonymous_0)
FN:19,(anonymous_1)
FNF:2
FNH:2
FNDA:1,(anonymous_0)
FNDA:1,(anonymous_1)
DA:1,1
DA:3,1
DA:5,1
DA:20,1
DA:21,1
LF:5
LH:5
BRF:0
BRH:0
end_of_record
TN:
SF:app\database\models\Compra.model.js
FN:4,(anonymous_0)
FN:27,(anonymous_1)
FNF:2
FNH:2
FNDA:1,(anonymous_0)
FNDA:1,(anonymous_1)
DA:1,1
DA:3,1
DA:5,1
DA:28,1
DA:29,1
LF:5
LH:5
BRF:0
BRH:0
end_of_record
TN:
SF:app\database\models\Imagen.model.js
FN:4,(anonymous_0)
FN:20,(anonymous_1)
FNF:2
FNH:2
FNDA:1,(anonymous_0)
FNDA:1,(anonymous_1)
DA:1,1
DA:3,1
DA:5,1
DA:21,1
DA:22,1
LF:5
LH:5
BRF:0
BRH:0
end_of_record
TN:
SF:app\database\models\Pais.model.js
FN:4,(anonymous_0)
FNF:1
FNH:1
FNDA:1,(anonymous_0)
DA:1,1
DA:3,1
DA:5,1
LF:3
LH:3
BRF:0
BRH:0
end_of_record
TN:
SF:app\database\models\Pregunta.model.js
FN:4,(anonymous_0)
FNF:1
FNH:1
FNDA:1,(anonymous_0)
DA:1,1
DA:3,1
DA:5,1
LF:3
LH:3
BRF:0
BRH:0
end_of_record
TN:
SF:app\database\models\Producto.model.js
FN:4,(anonymous_0)
FNF:1
FNH:1
FNDA:1,(anonymous_0)
DA:1,1
DA:3,1
DA:5,1
LF:3
LH:3
BRF:0
BRH:0
end_of_record
TN:
SF:app\database\models\ProductoCompra.model.js
FN:4,(anonymous_0)
FN:26,(anonymous_1)
FNF:2
FNH:2
FNDA:1,(anonymous_0)
FNDA:1,(anonymous_1)
DA:1,1
DA:3,1
DA:5,1
DA:27,1
DA:28,1
DA:30,1
DA:31,1
LF:7
LH:7
BRF:0
BRH:0
end_of_record
TN:
SF:app\database\models\Telefono.model.js
FN:4,(anonymous_0)
FN:20,(anonymous_1)
FNF:2
FNH:2
FNDA:1,(anonymous_0)
FNDA:1,(anonymous_1)
DA:1,1
DA:3,1
DA:5,1
DA:21,1
DA:22,1
LF:5
LH:5
BRF:0
BRH:0
end_of_record
TN:
SF:app\database\models\Usuario.model.js
FN:4,(anonymous_0)
FN:39,(anonymous_1)
FNF:2
FNH:2
FNDA:1,(anonymous_0)
FNDA:1,(anonymous_1)
DA:1,1
DA:3,1
DA:5,1
DA:40,1
DA:41,1
LF:5
LH:5
BRF:0
BRH:0
end_of_record
TN:
SF:app\database\services\Usuario.service.js
FN:6,(anonymous_0)
FN:22,(anonymous_1)
FNF:2
FNH:2
FNDA:1,(anonymous_0)
FNDA:5,(anonymous_1)
DA:1,1
DA:2,1
DA:3,1
DA:5,1
DA:7,1
DA:8,0
DA:10,1
DA:11,0
DA:13,1
DA:14,0
DA:16,1
DA:17,1
DA:18,0
DA:20,1
DA:24,5
DA:25,0
DA:27,5
DA:28,0
DA:30,5
DA:31,0
DA:33,5
DA:34,1
DA:38,4
DA:39,4
DA:40,1
DA:44,3
DA:45,3
DA:53,3
LF:28
LH:21
BRDA:7,0,0,0
BRDA:7,0,1,1
BRDA:10,1,0,0
BRDA:10,1,1,1
BRDA:13,2,0,0
BRDA:13,2,1,1
BRDA:17,3,0,0
BRDA:17,3,1,1
BRDA:17,4,0,1
BRDA:17,4,1,1
BRDA:24,5,0,0
BRDA:24,5,1,5
BRDA:27,6,0,0
BRDA:27,6,1,5
BRDA:30,7,0,0
BRDA:30,7,1,5
BRDA:33,8,0,1
BRDA:33,8,1,4
BRDA:39,9,0,1
BRDA:39,9,1,3
BRF:20
BRH:13
end_of_record
